::1 - - [11/Nov/2019:02:33:06 +0000] "GET /products HTTP/1.1" 200 - "http://localhost:3000/" "Mozilla/5.0 (Windows NT 10.0; Win64; x64) AppleWebKit/537.36 (KHTML, like Gecko) Chrome/78.0.3904.97 Safari/537.36"
::1 - - [11/Nov/2019:02:33:06 +0000] "GET /css/main.css HTTP/1.1" 304 - "http://localhost:3000/products" "Mozilla/5.0 (Windows NT 10.0; Win64; x64) AppleWebKit/537.36 (KHTML, like Gecko) Chrome/78.0.3904.97 Safari/537.36"
::1 - - [11/Nov/2019:02:33:06 +0000] "GET /css/product.css HTTP/1.1" 304 - "http://localhost:3000/products" "Mozilla/5.0 (Windows NT 10.0; Win64; x64) AppleWebKit/537.36 (KHTML, like Gecko) Chrome/78.0.3904.97 Safari/537.36"
::1 - - [11/Nov/2019:02:33:06 +0000] "GET /images/1572057223546-2.jpg HTTP/1.1" 304 - "http://localhost:3000/products" "Mozilla/5.0 (Windows NT 10.0; Win64; x64) AppleWebKit/537.36 (KHTML, like Gecko) Chrome/78.0.3904.97 Safari/537.36"
::1 - - [11/Nov/2019:02:33:06 +0000] "GET /images/1572057202572-1.jpg HTTP/1.1" 304 - "http://localhost:3000/products" "Mozilla/5.0 (Windows NT 10.0; Win64; x64) AppleWebKit/537.36 (KHTML, like Gecko) Chrome/78.0.3904.97 Safari/537.36"
::1 - - [11/Nov/2019:02:33:06 +0000] "GET /js/main.js HTTP/1.1" 304 - "http://localhost:3000/products" "Mozilla/5.0 (Windows NT 10.0; Win64; x64) AppleWebKit/537.36 (KHTML, like Gecko) Chrome/78.0.3904.97 Safari/537.36"
::1 - - [11/Nov/2019:02:33:06 +0000] "GET /images/1572057248498-3.jpg HTTP/1.1" 304 - "http://localhost:3000/products" "Mozilla/5.0 (Windows NT 10.0; Win64; x64) AppleWebKit/537.36 (KHTML, like Gecko) Chrome/78.0.3904.97 Safari/537.36"
::1 - - [11/Nov/2019:02:33:06 +0000] "GET /images/1572057268904-4.jpg HTTP/1.1" 304 - "http://localhost:3000/products" "Mozilla/5.0 (Windows NT 10.0; Win64; x64) AppleWebKit/537.36 (KHTML, like Gecko) Chrome/78.0.3904.97 Safari/537.36"
::1 - - [11/Nov/2019:02:33:06 +0000] "GET /images/1572057311587-5.jpg HTTP/1.1" 304 - "http://localhost:3000/products" "Mozilla/5.0 (Windows NT 10.0; Win64; x64) AppleWebKit/537.36 (KHTML, like Gecko) Chrome/78.0.3904.97 Safari/537.36"
::1 - - [11/Nov/2019:02:33:06 +0000] "GET /images/1572057334066-6.jpg HTTP/1.1" 304 - "http://localhost:3000/products" "Mozilla/5.0 (Windows NT 10.0; Win64; x64) AppleWebKit/537.36 (KHTML, like Gecko) Chrome/78.0.3904.97 Safari/537.36"
::1 - - [11/Nov/2019:02:58:37 +0000] "GET /products HTTP/1.1" 200 - "-" "Mozilla/5.0 (Windows NT 10.0; Win64; x64) AppleWebKit/537.36 (KHTML, like Gecko) Chrome/78.0.3904.97 Safari/537.36"
::1 - - [11/Nov/2019:02:58:37 +0000] "GET /css/main.css HTTP/1.1" 200 - "https://localhost:3000/products" "Mozilla/5.0 (Windows NT 10.0; Win64; x64) AppleWebKit/537.36 (KHTML, like Gecko) Chrome/78.0.3904.97 Safari/537.36"
::1 - - [11/Nov/2019:02:58:37 +0000] "GET /images/1572057223546-2.jpg HTTP/1.1" 200 10136 "https://localhost:3000/products" "Mozilla/5.0 (Windows NT 10.0; Win64; x64) AppleWebKit/537.36 (KHTML, like Gecko) Chrome/78.0.3904.97 Safari/537.36"
::1 - - [11/Nov/2019:02:58:37 +0000] "GET /images/1572057202572-1.jpg HTTP/1.1" 200 2883 "https://localhost:3000/products" "Mozilla/5.0 (Windows NT 10.0; Win64; x64) AppleWebKit/537.36 (KHTML, like Gecko) Chrome/78.0.3904.97 Safari/537.36"
::1 - - [11/Nov/2019:02:58:37 +0000] "GET /css/product.css HTTP/1.1" 200 379 "https://localhost:3000/products" "Mozilla/5.0 (Windows NT 10.0; Win64; x64) AppleWebKit/537.36 (KHTML, like Gecko) Chrome/78.0.3904.97 Safari/537.36"
::1 - - [11/Nov/2019:02:58:38 +0000] "GET /js/main.js HTTP/1.1" 200 519 "https://localhost:3000/products" "Mozilla/5.0 (Windows NT 10.0; Win64; x64) AppleWebKit/537.36 (KHTML, like Gecko) Chrome/78.0.3904.97 Safari/537.36"
::1 - - [11/Nov/2019:02:58:38 +0000] "GET /images/1572057248498-3.jpg HTTP/1.1" 200 7127 "https://localhost:3000/products" "Mozilla/5.0 (Windows NT 10.0; Win64; x64) AppleWebKit/537.36 (KHTML, like Gecko) Chrome/78.0.3904.97 Safari/537.36"
::1 - - [11/Nov/2019:02:58:38 +0000] "GET /images/1572057334066-6.jpg HTTP/1.1" 200 4890 "https://localhost:3000/products" "Mozilla/5.0 (Windows NT 10.0; Win64; x64) AppleWebKit/537.36 (KHTML, like Gecko) Chrome/78.0.3904.97 Safari/537.36"
::1 - - [11/Nov/2019:02:58:38 +0000] "GET /images/1572057268904-4.jpg HTTP/1.1" 200 7398 "https://localhost:3000/products" "Mozilla/5.0 (Windows NT 10.0; Win64; x64) AppleWebKit/537.36 (KHTML, like Gecko) Chrome/78.0.3904.97 Safari/537.36"
::1 - - [11/Nov/2019:02:58:38 +0000] "GET /images/1572057311587-5.jpg HTTP/1.1" 200 11296 "https://localhost:3000/products" "Mozilla/5.0 (Windows NT 10.0; Win64; x64) AppleWebKit/537.36 (KHTML, like Gecko) Chrome/78.0.3904.97 Safari/537.36"
::1 - - [11/Nov/2019:02:58:39 +0000] "GET /favicon.ico HTTP/1.1" 404 - "https://localhost:3000/products" "Mozilla/5.0 (Windows NT 10.0; Win64; x64) AppleWebKit/537.36 (KHTML, like Gecko) Chrome/78.0.3904.97 Safari/537.36"
::1 - - [11/Nov/2019:03:00:30 +0000] "GET / HTTP/1.1" 304 - "-" "Mozilla/5.0 (Windows NT 10.0; Win64; x64) AppleWebKit/537.36 (KHTML, like Gecko) Chrome/78.0.3904.97 Safari/537.36"
::1 - - [11/Nov/2019:03:00:30 +0000] "GET /css/main.css HTTP/1.1" 304 - "http://localhost:3000/" "Mozilla/5.0 (Windows NT 10.0; Win64; x64) AppleWebKit/537.36 (KHTML, like Gecko) Chrome/78.0.3904.97 Safari/537.36"
::1 - - [11/Nov/2019:03:00:30 +0000] "GET /css/product.css HTTP/1.1" 304 - "http://localhost:3000/" "Mozilla/5.0 (Windows NT 10.0; Win64; x64) AppleWebKit/537.36 (KHTML, like Gecko) Chrome/78.0.3904.97 Safari/537.36"
::1 - - [11/Nov/2019:03:00:30 +0000] "GET /images/1572057202572-1.jpg HTTP/1.1" 304 - "http://localhost:3000/" "Mozilla/5.0 (Windows NT 10.0; Win64; x64) AppleWebKit/537.36 (KHTML, like Gecko) Chrome/78.0.3904.97 Safari/537.36"
::1 - - [11/Nov/2019:03:00:30 +0000] "GET /images/1572057223546-2.jpg HTTP/1.1" 304 - "http://localhost:3000/" "Mozilla/5.0 (Windows NT 10.0; Win64; x64) AppleWebKit/537.36 (KHTML, like Gecko) Chrome/78.0.3904.97 Safari/537.36"
::1 - - [11/Nov/2019:03:00:30 +0000] "GET /images/1572057248498-3.jpg HTTP/1.1" 304 - "http://localhost:3000/" "Mozilla/5.0 (Windows NT 10.0; Win64; x64) AppleWebKit/537.36 (KHTML, like Gecko) Chrome/78.0.3904.97 Safari/537.36"
::1 - - [11/Nov/2019:03:00:30 +0000] "GET /images/1572057268904-4.jpg HTTP/1.1" 304 - "http://localhost:3000/" "Mozilla/5.0 (Windows NT 10.0; Win64; x64) AppleWebKit/537.36 (KHTML, like Gecko) Chrome/78.0.3904.97 Safari/537.36"
::1 - - [11/Nov/2019:03:00:30 +0000] "GET /images/1572057311587-5.jpg HTTP/1.1" 304 - "http://localhost:3000/" "Mozilla/5.0 (Windows NT 10.0; Win64; x64) AppleWebKit/537.36 (KHTML, like Gecko) Chrome/78.0.3904.97 Safari/537.36"
::1 - - [11/Nov/2019:03:00:30 +0000] "GET /images/1572057334066-6.jpg HTTP/1.1" 304 - "http://localhost:3000/" "Mozilla/5.0 (Windows NT 10.0; Win64; x64) AppleWebKit/537.36 (KHTML, like Gecko) Chrome/78.0.3904.97 Safari/537.36"
::1 - - [11/Nov/2019:03:00:30 +0000] "GET /js/main.js HTTP/1.1" 304 - "http://localhost:3000/" "Mozilla/5.0 (Windows NT 10.0; Win64; x64) AppleWebKit/537.36 (KHTML, like Gecko) Chrome/78.0.3904.97 Safari/537.36"
::1 - - [11/Nov/2019:03:00:31 +0000] "GET /favicon.ico HTTP/1.1" 404 - "http://localhost:3000/" "Mozilla/5.0 (Windows NT 10.0; Win64; x64) AppleWebKit/537.36 (KHTML, like Gecko) Chrome/78.0.3904.97 Safari/537.36"
